Build started 11/24/2014 7:42:14 PM.
     1>Project "c:\Users\kathryn.servaites\documents\visual studio 2012\Projects\BinaryTreesClassExamples\BinaryTreesClassExamples\BinaryTreesClassExamples.vcxproj" on node 2 (Build target(s)).
     1>ClCompile:
         C:\Program Files (x86)\Microsoft Visual Studio 11.0\VC\bin\CL.exe /c /ZI /nologo /W3 /WX- /Od /Oy- /D _MBCS /Gm /EHsc /RTC1 /MDd /GS /fp:precise /Zc:wchar_t /Zc:forScope /Fo"Debug\\" /Fd"Debug\vc110.pdb" /Gd /TP /analyze- /errorReport:prompt RetailItem.cpp RetailItemTree.cpp
         RetailItemTree.cpp
     1>c:\users\kathryn.servaites\documents\visual studio 2012\projects\binarytreesclassexamples\binarytreesclassexamples\retailitemtree.cpp(57): fatal error C1075: end of file found before the left brace '{' at 'c:\users\kathryn.servaites\documents\visual studio 2012\projects\binarytreesclassexamples\binarytreesclassexamples\retailitemtree.cpp(14)' was matched
         RetailItem.cpp
         Generating Code...
     1>Done Building Project "c:\Users\kathryn.servaites\documents\visual studio 2012\Projects\BinaryTreesClassExamples\BinaryTreesClassExamples\BinaryTreesClassExamples.vcxproj" (Build target(s)) -- FAILED.

Build FAILED.

Time Elapsed 00:00:01.62
